<?xml version="1.0" encoding="UTF-8"?>
<!-- Generated by org.testng.reporters.JUnitXMLReporter -->
<testsuite ignored="0" hostname="DESKTOP-NKQ7MKH" failures="0" tests="3" name="Default test" time="0.238" errors="0" timestamp="2023-11-28T15:57:35 IST">
  <testcase classname="TestNG_Keywords.Ex_9_dependsOnMethods" name="logIn1" time="0.031"/>
  <testcase classname="TestNG_Keywords.Ex_9_dependsOnMethods" name="logIn2" time="0.005"/>
  <testcase classname="TestNG_Keywords.Ex_9_dependsOnMethods" name="logOut" time="0.013"/>
</testsuite> <!-- Default test -->
