<?xml version="1.0" encoding="UTF-8"?>
<!-- Generated by org.testng.reporters.JUnitXMLReporter -->
<testsuite ignored="3" hostname="DESKTOP-NKQ7MKH" failures="0" tests="5" name="Test" time="0.124" errors="0" timestamp="2023-11-28T16:15:24 IST">
  <testcase classname="TestNG_Groups.Ex_1_groups1" name="TC1" time="0.013"/>
  <testcase classname="TestNG_Groups.Ex_1_groups1" name="TC2" time="0.002"/>
  <testcase classname="TestNG_Groups.Ex_1_groups1" name="TC3" time="0.002"/>
  <testcase classname="TestNG_Groups.Ex_2_groups2" name="TC6" time="0.005"/>
  <testcase classname="TestNG_Groups.Ex_2_groups2" name="TC8" time="0.002"/>
  <testcase classname="TestNG_Groups.Ex_1_groups1" name="TC4" time="0.0">
    <ignored/>
  </testcase> <!-- TC4 -->
  <testcase classname="TestNG_Groups.Ex_2_groups2" name="TC7" time="0.0">
    <ignored/>
  </testcase> <!-- TC7 -->
  <testcase classname="TestNG_Groups.Ex_1_groups1" name="TC5" time="0.0">
    <ignored/>
  </testcase> <!-- TC5 -->
</testsuite> <!-- Test -->
