<?xml version="1.0" encoding="UTF-8"?>
<!-- Generated by org.testng.reporters.JUnitXMLReporter -->
<testsuite ignored="0" hostname="DESKTOP-NKQ7MKH" failures="0" tests="6" name="Test1" time="0.179" errors="0" timestamp="2023-11-10T16:07:05 IST">
  <testcase classname="TestNG_Suite.Ex_1_Sample1" name="TC1" time="0.019"/>
  <testcase classname="TestNG_Suite.Ex_1_Sample1" name="TC2" time="0.004"/>
  <testcase classname="TestNG_Suite.Ex_1_Sample1" name="TC3" time="0.004"/>
  <testcase classname="TestNG_Suite.Ex_2_Sample2" name="TC4" time="0.003"/>
  <testcase classname="TestNG_Suite.Ex_2_Sample2" name="TC5" time="0.007"/>
  <testcase classname="TestNG_Suite.Ex_2_Sample2" name="TC6" time="0.006"/>
</testsuite> <!-- Test1 -->
