<?xml version="1.0" encoding="UTF-8"?>
<testng-results ignored="0" total="5" passed="5" failed="0" skipped="0">
  <reporter-output>
    <line>
      <![CDATA[Running TC1]]>
    </line>
    <line>
      <![CDATA[Running TC2]]>
    </line>
    <line>
      <![CDATA[Running TC3]]>
    </line>
    <line>
      <![CDATA[Running TC6]]>
    </line>
    <line>
      <![CDATA[Running TC8]]>
    </line>
  </reporter-output>
  <suite started-at="2023-11-28T16:15:23 IST" name="Suite" finished-at="2023-11-28T16:15:24 IST" duration-ms="124">
    <groups>
      <group name="profile">
        <method signature="Ex_1_groups1.TC1()[pri:0, instance:TestNG_Groups.Ex_1_groups1@239a307b]" name="TC1" class="TestNG_Groups.Ex_1_groups1"/>
        <method signature="Ex_2_groups2.TC6()[pri:0, instance:TestNG_Groups.Ex_2_groups2@38467116]" name="TC6" class="TestNG_Groups.Ex_2_groups2"/>
        <method signature="Ex_2_groups2.TC8()[pri:0, instance:TestNG_Groups.Ex_2_groups2@38467116]" name="TC8" class="TestNG_Groups.Ex_2_groups2"/>
      </group> <!-- profile -->
      <group name="login">
        <method signature="Ex_1_groups1.TC1()[pri:0, instance:TestNG_Groups.Ex_1_groups1@239a307b]" name="TC1" class="TestNG_Groups.Ex_1_groups1"/>
        <method signature="Ex_1_groups1.TC2()[pri:0, instance:TestNG_Groups.Ex_1_groups1@239a307b]" name="TC2" class="TestNG_Groups.Ex_1_groups1"/>
        <method signature="Ex_1_groups1.TC3()[pri:0, instance:TestNG_Groups.Ex_1_groups1@239a307b]" name="TC3" class="TestNG_Groups.Ex_1_groups1"/>
      </group> <!-- login -->
    </groups>
    <test started-at="2023-11-28T16:15:23 IST" name="Test" finished-at="2023-11-28T16:15:24 IST" duration-ms="124">
      <class name="TestNG_Groups.Ex_2_groups2">
        <test-method signature="TC6()[pri:0, instance:TestNG_Groups.Ex_2_groups2@38467116]" started-at="2023-11-28T16:15:24 IST" name="TC6" finished-at="2023-11-28T16:15:24 IST" duration-ms="5" status="PASS">
          <reporter-output>
            <line>
              <![CDATA[Running TC6]]>
            </line>
          </reporter-output>
        </test-method> <!-- TC6 -->
        <test-method signature="TC8()[pri:0, instance:TestNG_Groups.Ex_2_groups2@38467116]" started-at="2023-11-28T16:15:24 IST" name="TC8" finished-at="2023-11-28T16:15:24 IST" duration-ms="2" status="PASS">
          <reporter-output>
            <line>
              <![CDATA[Running TC8]]>
            </line>
          </reporter-output>
        </test-method> <!-- TC8 -->
      </class> <!-- TestNG_Groups.Ex_2_groups2 -->
      <class name="TestNG_Groups.Ex_1_groups1">
        <test-method signature="TC1()[pri:0, instance:TestNG_Groups.Ex_1_groups1@239a307b]" started-at="2023-11-28T16:15:24 IST" name="TC1" finished-at="2023-11-28T16:15:24 IST" duration-ms="13" status="PASS">
          <reporter-output>
            <line>
              <![CDATA[Running TC1]]>
            </line>
          </reporter-output>
        </test-method> <!-- TC1 -->
        <test-method signature="TC2()[pri:0, instance:TestNG_Groups.Ex_1_groups1@239a307b]" started-at="2023-11-28T16:15:24 IST" name="TC2" finished-at="2023-11-28T16:15:24 IST" duration-ms="2" status="PASS">
          <reporter-output>
            <line>
              <![CDATA[Running TC2]]>
            </line>
          </reporter-output>
        </test-method> <!-- TC2 -->
        <test-method signature="TC3()[pri:0, instance:TestNG_Groups.Ex_1_groups1@239a307b]" started-at="2023-11-28T16:15:24 IST" name="TC3" finished-at="2023-11-28T16:15:24 IST" duration-ms="2" status="PASS">
          <reporter-output>
            <line>
              <![CDATA[Running TC3]]>
            </line>
          </reporter-output>
        </test-method> <!-- TC3 -->
      </class> <!-- TestNG_Groups.Ex_1_groups1 -->
    </test> <!-- Test -->
  </suite> <!-- Suite -->
</testng-results>
